nohup: ignoring input
📦 Blackwell Patch: LD_PRELOAD is active.
📦 [System] Blackwell Patch Applied: Preloading /environment/miniconda3/lib/python3.11/site-packages/nvidia/nccl/lib/libnccl.so.2
🚀 [Start] Tri-Fi Blackwell 96G Benchmark Initiated...
--------------------------------------------------
⚡ [Config] Electricity (321 dim) -> Target: MT_320
  🔥 [Running] Training electricity | Seq: 336 -> Pred: 96
Args in experiment:
Namespace(task_name='long_term_forecast', is_training=1, model_id='electricity_336_96_TriFi_V3', model='Tri_FI', data='custom', root_path='/home/featurize/data/', data_path='ECL.csv', features='M', target='MT_320', freq='h', checkpoints='./checkpoints/', seq_len=336, label_len=168, pred_len=96, tau=1, m_dim=3, k=3, enc_in=321, dec_in=321, c_out=321, d_model=512, n_heads=8, e_layers=2, d_layers=1, d_ff=1024, factor=1, distil=True, dropout=0.2, embed='timeF', activation='gelu', output_attention=False, num_workers=10, itr=1, train_epochs=20, batch_size=32, patience=5, learning_rate=0.0003, des='Exp_TriFi_Blackwell', loss='MAE', lradj='type3', use_amp=False, use_gpu=True, gpu=0, use_multi_gpu=False, devices='0,1,2,3', p_hidden_dims=[128, 128], p_hidden_layers=2, anomaly_ratio=0.25, inverse=False)
✅ 超参数已自动保存至: ./test_results/long_term_forecast_custom_20260324_073110/args_config.json
Use GPU: cuda:0
>>>>>>>start training : long_term_forecast_custom_20260324_073110>>>>>>>>>>>>>>>>>>>>>>>>>>
train 17981
val 2537
test 5165
Traceback (most recent call last):
  File "/home/featurize/work/Tri-Fi/run.py", line 138, in <module>
    exp.train(setting)
  File "/home/featurize/work/Tri-Fi/exp/exp_long_term_forecasting.py", line 128, in train
    outputs = self.model(batch_x, batch_x_mark, dec_inp, batch_y_mark, x_chaos_graph=batch_x_chaos)
              ^^^^^^^^^^^^^^^^^^^^^^^^^^^^^^^^^^^^^^^^^^^^^^^^^^^^^^^^^^^^^^^^^^^^^^^^^^^^^^^^^^^^^
  File "/environment/miniconda3/lib/python3.11/site-packages/torch/nn/modules/module.py", line 1779, in _wrapped_call_impl
    return self._call_impl(*args, **kwargs)
           ^^^^^^^^^^^^^^^^^^^^^^^^^^^^^^^^
  File "/environment/miniconda3/lib/python3.11/site-packages/torch/nn/modules/module.py", line 1790, in _call_impl
    return forward_call(*args, **kwargs)
           ^^^^^^^^^^^^^^^^^^^^^^^^^^^^^
  File "/home/featurize/work/Tri-Fi/model/Tri_FI.py", line 117, in forward
    return self.forecast(x_enc, x_mark_enc, x_dec, x_mark_dec, x_chaos_graph)
           ^^^^^^^^^^^^^^^^^^^^^^^^^^^^^^^^^^^^^^^^^^^^^^^^^^^^^^^^^^^^^^^^^^
  File "/home/featurize/work/Tri-Fi/model/Tri_FI.py", line 98, in forecast
    chaos_out = self.psr_gnn_branch(x_chaos)[:, :, :N]
                ^^^^^^^^^^^^^^^^^^^^^^^^^^^^
  File "/environment/miniconda3/lib/python3.11/site-packages/torch/nn/modules/module.py", line 1779, in _wrapped_call_impl
    return self._call_impl(*args, **kwargs)
           ^^^^^^^^^^^^^^^^^^^^^^^^^^^^^^^^
  File "/environment/miniconda3/lib/python3.11/site-packages/torch/nn/modules/module.py", line 1790, in _call_impl
    return forward_call(*args, **kwargs)
           ^^^^^^^^^^^^^^^^^^^^^^^^^^^^^
  File "/home/featurize/work/Tri-Fi/layers/GNN_Branch.py", line 75, in forward
    edge_index = knn_graph(x_flat, k=self.k, batch=batch_idx, loop=False)
                 ^^^^^^^^^^^^^^^^^^^^^^^^^^^^^^^^^^^^^^^^^^^^^^^^^^^^^^^^
  File "/home/featurize/work/.local/lib/python3.11/site-packages/torch_geometric/nn/pool/__init__.py", line 175, in knn_graph
    return torch_cluster.knn_graph(x, k, batch, loop, flow, cosine,
           ^^^^^^^^^^^^^^^^^^^^^^^^^^^^^^^^^^^^^^^^^^^^^^^^^^^^^^^^
  File "/home/featurize/work/.local/lib/python3.11/site-packages/torch_cluster/knn.py", line 132, in knn_graph
    edge_index = knn(x, x, k if loop else k + 1, batch, batch, cosine,
                 ^^^^^^^^^^^^^^^^^^^^^^^^^^^^^^^^^^^^^^^^^^^^^^^^^^^^^
  File "/home/featurize/work/.local/lib/python3.11/site-packages/torch_cluster/knn.py", line 81, in knn
    return torch.ops.torch_cluster.knn(x, y, ptr_x, ptr_y, k, cosine,
           ^^^^^^^^^^^^^^^^^^^^^^^^^^^^^^^^^^^^^^^^^^^^^^^^^^^^^^^^^^
  File "/environment/miniconda3/lib/python3.11/site-packages/torch/_ops.py", line 1269, in __call__
    return self._op(*args, **kwargs)
           ^^^^^^^^^^^^^^^^^^^^^^^^^
RuntimeError: Not compiled with CUDA support
  ❌ [FATAL ERROR] electricity crashed! Check logs_benchmark/Big2/TriFi_electricity_sl336_pl96.log.
