nohup: ignoring input
🚀 [Start] Tri-Fi Weather SOTA Benchmark Initiated on GPU: 0...
--------------------------------------------------
🌪️ [Config] Weather Data -> k=5, tau=4, d_model=512, d_ff=1024
--------------------------------------------------
  🔥 [Running] Training weather | Seq: 336 -> Pred: 96
Args in experiment:
Namespace(task_name='long_term_forecast', is_training=1, model_id='weather_336_96_TriFi_V3', model='Tri_FI', data='custom', root_path='/home/featurize/data/', data_path='weather.csv', features='M', target='OT', freq='h', checkpoints='./checkpoints/', seq_len=336, label_len=168, pred_len=96, tau=4, m_dim=3, k=5, enc_in=21, dec_in=21, c_out=21, d_model=512, n_heads=8, e_layers=2, d_layers=1, d_ff=1024, factor=1, distil=True, dropout=0.2, embed='timeF', activation='gelu', output_attention=False, num_workers=10, itr=1, train_epochs=20, batch_size=32, patience=5, learning_rate=0.0003, des='Exp_TriFi_Weather_V3', loss='MAE', lradj='type3', use_amp=False, use_gpu=True, gpu=0, use_multi_gpu=False, devices='0,1,2,3', p_hidden_dims=[128, 128], p_hidden_layers=2, anomaly_ratio=0.25, inverse=True)
✅ 超参数已自动保存至: ./test_results/long_term_forecast_custom_20260324_055148/args_config.json
Use GPU: cuda:0
>>>>>>>start training : long_term_forecast_custom_20260324_055148>>>>>>>>>>>>>>>>>>>>>>>>>>
train 36456
val 5175
test 10444
	iters: 100, epoch: 1 | loss: 0.3968658
	speed: 0.3014s/iter; left time: 6836.8594s
	iters: 200, epoch: 1 | loss: 0.3262307
	speed: 0.1788s/iter; left time: 4037.0271s
	iters: 300, epoch: 1 | loss: 0.3514569
	speed: 0.1751s/iter; left time: 3935.3915s
	iters: 400, epoch: 1 | loss: 0.3196429
	speed: 0.1764s/iter; left time: 3947.4000s
	iters: 500, epoch: 1 | loss: 0.3320840
	speed: 0.1778s/iter; left time: 3962.5739s
	iters: 600, epoch: 1 | loss: 0.3174993
	speed: 0.1785s/iter; left time: 3958.2254s
	iters: 700, epoch: 1 | loss: 0.3522996
	speed: 0.1801s/iter; left time: 3976.1307s
	iters: 800, epoch: 1 | loss: 0.3425696
	speed: 0.1772s/iter; left time: 3895.9234s
	iters: 900, epoch: 1 | loss: 0.3106106
	speed: 0.1767s/iter; left time: 3866.1022s
	iters: 1000, epoch: 1 | loss: 0.3061500
	speed: 0.1780s/iter; left time: 3876.9147s
	iters: 1100, epoch: 1 | loss: 0.3469859
	speed: 0.1776s/iter; left time: 3850.5431s
Epoch: 1 cost time: 215.00733518600464
Epoch: 1, Steps: 1139 | Train Loss: 0.3395519 Vali Loss: 0.2786442 Test Loss: 0.2021435
Validation loss decreased (inf --> 0.278644).  Saving model ...
Updating learning rate to 0.0003
	iters: 100, epoch: 2 | loss: 0.3401991
	speed: 1.3778s/iter; left time: 29680.1765s
	iters: 200, epoch: 2 | loss: 0.3449259
	speed: 0.1760s/iter; left time: 3774.3953s
	iters: 300, epoch: 2 | loss: 0.3001581
	speed: 0.1769s/iter; left time: 3775.5517s
	iters: 400, epoch: 2 | loss: 0.3217815
	speed: 0.1775s/iter; left time: 3771.1921s
	iters: 500, epoch: 2 | loss: 0.3130026
	speed: 0.1773s/iter; left time: 3749.1761s
	iters: 600, epoch: 2 | loss: 0.2962745
	speed: 0.1775s/iter; left time: 3735.6083s
	iters: 700, epoch: 2 | loss: 0.2731688
	speed: 0.1773s/iter; left time: 3712.4072s
	iters: 800, epoch: 2 | loss: 0.2867845
	speed: 0.1775s/iter; left time: 3698.8322s
	iters: 900, epoch: 2 | loss: 0.3043874
	speed: 0.1776s/iter; left time: 3684.4660s
	iters: 1000, epoch: 2 | loss: 0.2816082
	speed: 0.1782s/iter; left time: 3677.6651s
	iters: 1100, epoch: 2 | loss: 0.2897792
	speed: 0.1784s/iter; left time: 3665.5863s
Epoch: 2 cost time: 202.23581743240356
Epoch: 2, Steps: 1139 | Train Loss: 0.3032711 Vali Loss: 0.2749063 Test Loss: 0.2037621
Validation loss decreased (0.278644 --> 0.274906).  Saving model ...
Updating learning rate to 0.0003
	iters: 100, epoch: 3 | loss: 0.2836319
	speed: 1.3688s/iter; left time: 27928.1780s
	iters: 200, epoch: 3 | loss: 0.2774691
	speed: 0.1752s/iter; left time: 3557.3580s
	iters: 300, epoch: 3 | loss: 0.2914049
	speed: 0.1757s/iter; left time: 3550.4253s
	iters: 400, epoch: 3 | loss: 0.3015718
	speed: 0.1761s/iter; left time: 3539.7398s
	iters: 500, epoch: 3 | loss: 0.2891341
	speed: 0.1762s/iter; left time: 3523.6495s
	iters: 600, epoch: 3 | loss: 0.2876531
	speed: 0.1763s/iter; left time: 3509.2485s
	iters: 700, epoch: 3 | loss: 0.2926440
	speed: 0.1768s/iter; left time: 3500.1946s
	iters: 800, epoch: 3 | loss: 0.2818193
	speed: 0.1799s/iter; left time: 3545.1569s
	iters: 900, epoch: 3 | loss: 0.2639063
	speed: 0.1799s/iter; left time: 3527.0753s
	iters: 1000, epoch: 3 | loss: 0.2833427
	speed: 0.1767s/iter; left time: 3445.2264s
	iters: 1100, epoch: 3 | loss: 0.3092898
	speed: 0.1763s/iter; left time: 3420.5791s
Epoch: 3 cost time: 201.66597867012024
Epoch: 3, Steps: 1139 | Train Loss: 0.2856554 Vali Loss: 0.2757995 Test Loss: 0.2018720
EarlyStopping counter: 1 out of 5
Updating learning rate to 0.0003
	iters: 100, epoch: 4 | loss: 0.3052258
	speed: 1.3733s/iter; left time: 26454.5226s
	iters: 200, epoch: 4 | loss: 0.2617198
	speed: 0.1765s/iter; left time: 3382.0448s
	iters: 300, epoch: 4 | loss: 0.2716516
	speed: 0.1772s/iter; left time: 3378.5161s
	iters: 400, epoch: 4 | loss: 0.2739189
	speed: 0.1770s/iter; left time: 3355.8256s
	iters: 500, epoch: 4 | loss: 0.2774023
	speed: 0.1770s/iter; left time: 3339.2222s
	iters: 600, epoch: 4 | loss: 0.2751954
	speed: 0.1773s/iter; left time: 3326.8844s
	iters: 700, epoch: 4 | loss: 0.2811638
	speed: 0.1771s/iter; left time: 3304.5079s
	iters: 800, epoch: 4 | loss: 0.2667115
	speed: 0.1779s/iter; left time: 3302.3124s
	iters: 900, epoch: 4 | loss: 0.2601322
	speed: 0.1770s/iter; left time: 3268.4608s
	iters: 1000, epoch: 4 | loss: 0.2695626
	speed: 0.1771s/iter; left time: 3252.7260s
	iters: 1100, epoch: 4 | loss: 0.2584231
	speed: 0.1778s/iter; left time: 3247.3017s
Epoch: 4 cost time: 202.07756900787354
Epoch: 4, Steps: 1139 | Train Loss: 0.2721494 Vali Loss: 0.2743436 Test Loss: 0.1995987
Validation loss decreased (0.274906 --> 0.274344).  Saving model ...
Updating learning rate to 0.00023999999999999998
	iters: 100, epoch: 5 | loss: 0.2690968
	speed: 1.3736s/iter; left time: 24895.6075s
	iters: 200, epoch: 5 | loss: 0.2573648
	speed: 0.1762s/iter; left time: 3176.2911s
	iters: 300, epoch: 5 | loss: 0.2526977
	speed: 0.1770s/iter; left time: 3173.3159s
	iters: 400, epoch: 5 | loss: 0.2806850
	speed: 0.1768s/iter; left time: 3151.9728s
	iters: 500, epoch: 5 | loss: 0.2655843
	speed: 0.1776s/iter; left time: 3148.4030s
	iters: 600, epoch: 5 | loss: 0.2729712
	speed: 0.1775s/iter; left time: 3127.9418s
	iters: 700, epoch: 5 | loss: 0.2502460
	speed: 0.1774s/iter; left time: 3109.4026s
	iters: 800, epoch: 5 | loss: 0.2484782
	speed: 0.1794s/iter; left time: 3125.8757s
	iters: 900, epoch: 5 | loss: 0.2661232
	speed: 0.1774s/iter; left time: 3072.7189s
	iters: 1000, epoch: 5 | loss: 0.2644577
	speed: 0.1773s/iter; left time: 3054.4328s
	iters: 1100, epoch: 5 | loss: 0.2799644
	speed: 0.1771s/iter; left time: 3033.2289s
Epoch: 5 cost time: 202.24391317367554
Epoch: 5, Steps: 1139 | Train Loss: 0.2591375 Vali Loss: 0.2811344 Test Loss: 0.2011219
EarlyStopping counter: 1 out of 5
Updating learning rate to 0.00023999999999999998
	iters: 100, epoch: 6 | loss: 0.2722608
	speed: 1.3689s/iter; left time: 23252.7445s
	iters: 200, epoch: 6 | loss: 0.2660871
	speed: 0.1758s/iter; left time: 2968.8141s
	iters: 300, epoch: 6 | loss: 0.2388852
	speed: 0.1774s/iter; left time: 2978.0533s
	iters: 400, epoch: 6 | loss: 0.2525626
	speed: 0.1773s/iter; left time: 2958.9487s
	iters: 500, epoch: 6 | loss: 0.2465404
	speed: 0.1766s/iter; left time: 2928.5419s
	iters: 600, epoch: 6 | loss: 0.2505668
	speed: 0.1778s/iter; left time: 2931.6216s
	iters: 700, epoch: 6 | loss: 0.2565744
	speed: 0.1767s/iter; left time: 2895.7734s
	iters: 800, epoch: 6 | loss: 0.2397952
	speed: 0.1766s/iter; left time: 2876.6047s
	iters: 900, epoch: 6 | loss: 0.2603483
	speed: 0.1769s/iter; left time: 2864.0614s
	iters: 1000, epoch: 6 | loss: 0.2477240
	speed: 0.1767s/iter; left time: 2842.5698s
	iters: 1100, epoch: 6 | loss: 0.2425714
	speed: 0.1768s/iter; left time: 2826.1432s
Epoch: 6 cost time: 201.75044512748718
Epoch: 6, Steps: 1139 | Train Loss: 0.2520579 Vali Loss: 0.2796619 Test Loss: 0.2022140
EarlyStopping counter: 2 out of 5
Updating learning rate to 0.00023999999999999998
	iters: 100, epoch: 7 | loss: 0.2487735
	speed: 1.3610s/iter; left time: 21567.1878s
	iters: 200, epoch: 7 | loss: 0.2373456
	speed: 0.1757s/iter; left time: 2767.4452s
	iters: 300, epoch: 7 | loss: 0.2522727
	speed: 0.1760s/iter; left time: 2754.0584s
	iters: 400, epoch: 7 | loss: 0.2429512
	speed: 0.1766s/iter; left time: 2746.2719s
	iters: 500, epoch: 7 | loss: 0.2423412
	speed: 0.1767s/iter; left time: 2729.7781s
	iters: 600, epoch: 7 | loss: 0.2695300
	speed: 0.1771s/iter; left time: 2718.0728s
	iters: 700, epoch: 7 | loss: 0.2428805
	speed: 0.1775s/iter; left time: 2706.8072s
	iters: 800, epoch: 7 | loss: 0.2224427
	speed: 0.1773s/iter; left time: 2685.0347s
	iters: 900, epoch: 7 | loss: 0.2389888
	speed: 0.1776s/iter; left time: 2671.7182s
	iters: 1000, epoch: 7 | loss: 0.2042613
	speed: 0.1780s/iter; left time: 2661.0746s
	iters: 1100, epoch: 7 | loss: 0.2536203
	speed: 0.1780s/iter; left time: 2642.5781s
Epoch: 7 cost time: 201.9751102924347
Epoch: 7, Steps: 1139 | Train Loss: 0.2465115 Vali Loss: 0.2778200 Test Loss: 0.2017229
EarlyStopping counter: 3 out of 5
Updating learning rate to 0.00019200000000000003
	iters: 100, epoch: 8 | loss: 0.2265432
	speed: 1.3646s/iter; left time: 20069.8988s
	iters: 200, epoch: 8 | loss: 0.2430818
	speed: 0.1758s/iter; left time: 2567.6468s
	iters: 300, epoch: 8 | loss: 0.2268697
	speed: 0.1766s/iter; left time: 2562.2613s
	iters: 400, epoch: 8 | loss: 0.2480595
	speed: 0.1773s/iter; left time: 2554.1608s
	iters: 500, epoch: 8 | loss: 0.2458199
	speed: 0.1775s/iter; left time: 2539.4865s
	iters: 600, epoch: 8 | loss: 0.2565120
	speed: 0.1772s/iter; left time: 2517.4084s
	iters: 700, epoch: 8 | loss: 0.2252944
	speed: 0.1778s/iter; left time: 2508.4423s
	iters: 800, epoch: 8 | loss: 0.2420767
	speed: 0.1768s/iter; left time: 2476.7173s
	iters: 900, epoch: 8 | loss: 0.2307145
	speed: 0.1773s/iter; left time: 2465.5859s
	iters: 1000, epoch: 8 | loss: 0.2338871
	speed: 0.1774s/iter; left time: 2450.2220s
	iters: 1100, epoch: 8 | loss: 0.2549635
	speed: 0.1773s/iter; left time: 2430.2567s
Epoch: 8 cost time: 201.93553256988525
Epoch: 8, Steps: 1139 | Train Loss: 0.2397802 Vali Loss: 0.2812499 Test Loss: 0.2014227
EarlyStopping counter: 4 out of 5
Updating learning rate to 0.00019200000000000003
	iters: 100, epoch: 9 | loss: 0.2205301
	speed: 1.3706s/iter; left time: 18598.3176s
	iters: 200, epoch: 9 | loss: 0.2453438
	speed: 0.1763s/iter; left time: 2374.1630s
	iters: 300, epoch: 9 | loss: 0.2179501
	speed: 0.1767s/iter; left time: 2362.7232s
	iters: 400, epoch: 9 | loss: 0.2251780
	speed: 0.1776s/iter; left time: 2356.3313s
	iters: 500, epoch: 9 | loss: 0.2307537
	speed: 0.1776s/iter; left time: 2338.8607s
	iters: 600, epoch: 9 | loss: 0.2406150
	speed: 0.1770s/iter; left time: 2313.1619s
	iters: 700, epoch: 9 | loss: 0.2547279
	speed: 0.1780s/iter; left time: 2307.8579s
	iters: 800, epoch: 9 | loss: 0.2359779
	speed: 0.1776s/iter; left time: 2285.5789s
	iters: 900, epoch: 9 | loss: 0.2358597
	speed: 0.1778s/iter; left time: 2270.6768s
	iters: 1000, epoch: 9 | loss: 0.2458329
	speed: 0.1777s/iter; left time: 2250.9261s
	iters: 1100, epoch: 9 | loss: 0.2228233
	speed: 0.1779s/iter; left time: 2236.6483s
Epoch: 9 cost time: 202.37720322608948
Epoch: 9, Steps: 1139 | Train Loss: 0.2363128 Vali Loss: 0.2833735 Test Loss: 0.2039340
EarlyStopping counter: 5 out of 5
Early stopping
>>>>>>>testing : long_term_forecast_custom_20260324_055148<<<<<<<<<<<<<<<<<<<<<<<<<<<<<<<<<
test 10444
mse:1730.8209228515625, mae:10.954822540283203
  ✅ [Success] weather (pred=96) finished in 3029s.
  🔥 [Running] Training weather | Seq: 336 -> Pred: 192
Args in experiment:
Namespace(task_name='long_term_forecast', is_training=1, model_id='weather_336_192_TriFi_V3', model='Tri_FI', data='custom', root_path='/home/featurize/data/', data_path='weather.csv', features='M', target='OT', freq='h', checkpoints='./checkpoints/', seq_len=336, label_len=168, pred_len=192, tau=4, m_dim=3, k=5, enc_in=21, dec_in=21, c_out=21, d_model=512, n_heads=8, e_layers=2, d_layers=1, d_ff=1024, factor=1, distil=True, dropout=0.2, embed='timeF', activation='gelu', output_attention=False, num_workers=10, itr=1, train_epochs=20, batch_size=32, patience=5, learning_rate=0.0003, des='Exp_TriFi_Weather_V3', loss='MAE', lradj='type3', use_amp=False, use_gpu=True, gpu=0, use_multi_gpu=False, devices='0,1,2,3', p_hidden_dims=[128, 128], p_hidden_layers=2, anomaly_ratio=0.25, inverse=True)
✅ 超参数已自动保存至: ./test_results/long_term_forecast_custom_20260324_064213/args_config.json
Use GPU: cuda:0
>>>>>>>start training : long_term_forecast_custom_20260324_064213>>>>>>>>>>>>>>>>>>>>>>>>>>
train 36360
val 5079
test 10348
	iters: 100, epoch: 1 | loss: 0.4094897
	speed: 0.2060s/iter; left time: 4660.7715s
	iters: 200, epoch: 1 | loss: 0.4227526
	speed: 0.1764s/iter; left time: 3973.0957s
	iters: 300, epoch: 1 | loss: 0.3848451
	speed: 0.1779s/iter; left time: 3989.1543s
	iters: 400, epoch: 1 | loss: 0.4019011
	speed: 0.1783s/iter; left time: 3979.8719s
	iters: 500, epoch: 1 | loss: 0.3434018
	speed: 0.1785s/iter; left time: 3966.9503s
	iters: 600, epoch: 1 | loss: 0.3612036
	speed: 0.1787s/iter; left time: 3953.0467s
	iters: 700, epoch: 1 | loss: 0.3891543
	speed: 0.1819s/iter; left time: 4005.1086s
	iters: 800, epoch: 1 | loss: 0.3304171
	speed: 0.1786s/iter; left time: 3915.3107s
	iters: 900, epoch: 1 | loss: 0.3963949
	speed: 0.1788s/iter; left time: 3902.3453s
	iters: 1000, epoch: 1 | loss: 0.3981846
	speed: 0.1787s/iter; left time: 3881.7668s
	iters: 1100, epoch: 1 | loss: 0.3518040
	speed: 0.1792s/iter; left time: 3873.4137s
Epoch: 1 cost time: 205.95821905136108
Epoch: 1, Steps: 1136 | Train Loss: 0.3772654 Vali Loss: 0.3221000 Test Loss: 0.2442252
Validation loss decreased (inf --> 0.322100).  Saving model ...
Updating learning rate to 0.0003
	iters: 100, epoch: 2 | loss: 0.3503525
	speed: 1.3889s/iter; left time: 29840.6680s
	iters: 200, epoch: 2 | loss: 0.3554903
	speed: 0.1779s/iter; left time: 3805.1077s
	iters: 300, epoch: 2 | loss: 0.3341522
	speed: 0.1777s/iter; left time: 3782.9583s
	iters: 400, epoch: 2 | loss: 0.3359676
	speed: 0.1776s/iter; left time: 3762.3508s
	iters: 500, epoch: 2 | loss: 0.3318282
	speed: 0.1780s/iter; left time: 3752.9565s
	iters: 600, epoch: 2 | loss: 0.3739392
	speed: 0.1785s/iter; left time: 3745.3472s
	iters: 700, epoch: 2 | loss: 0.3301585
	speed: 0.1784s/iter; left time: 3726.8054s
	iters: 800, epoch: 2 | loss: 0.3318209
	speed: 0.1785s/iter; left time: 3710.3513s
	iters: 900, epoch: 2 | loss: 0.3544916
	speed: 0.1784s/iter; left time: 3690.6042s
	iters: 1000, epoch: 2 | loss: 0.3223466
	speed: 0.1786s/iter; left time: 3677.1967s
	iters: 1100, epoch: 2 | loss: 0.3173729
	speed: 0.1786s/iter; left time: 3658.7878s
Epoch: 2 cost time: 202.80661869049072
Epoch: 2, Steps: 1136 | Train Loss: 0.3400911 Vali Loss: 0.3307978 Test Loss: 0.2417930
EarlyStopping counter: 1 out of 5
Updating learning rate to 0.0003
	iters: 100, epoch: 3 | loss: 0.3228615
	speed: 1.3660s/iter; left time: 27795.7216s
	iters: 200, epoch: 3 | loss: 0.3390258
	speed: 0.1770s/iter; left time: 3584.0177s
	iters: 300, epoch: 3 | loss: 0.3446625
	speed: 0.1776s/iter; left time: 3579.2822s
	iters: 400, epoch: 3 | loss: 0.3459493
	speed: 0.1779s/iter; left time: 3566.0715s
	iters: 500, epoch: 3 | loss: 0.3233597
	speed: 0.1782s/iter; left time: 3555.3011s
	iters: 600, epoch: 3 | loss: 0.3269042
	speed: 0.1778s/iter; left time: 3529.3939s
	iters: 700, epoch: 3 | loss: 0.3381781
	speed: 0.1783s/iter; left time: 3522.0132s
	iters: 800, epoch: 3 | loss: 0.2976030
	speed: 0.1783s/iter; left time: 3503.9603s
	iters: 900, epoch: 3 | loss: 0.3134167
	speed: 0.1779s/iter; left time: 3477.6742s
	iters: 1000, epoch: 3 | loss: 0.3221043
	speed: 0.1781s/iter; left time: 3463.0211s
	iters: 1100, epoch: 3 | loss: 0.3141202
	speed: 0.1782s/iter; left time: 3447.1032s
Epoch: 3 cost time: 202.48762679100037
Epoch: 3, Steps: 1136 | Train Loss: 0.3172180 Vali Loss: 0.3321017 Test Loss: 0.2457654
EarlyStopping counter: 2 out of 5
Updating learning rate to 0.0003
	iters: 100, epoch: 4 | loss: 0.3009350
	speed: 1.3720s/iter; left time: 26360.4591s
	iters: 200, epoch: 4 | loss: 0.2898384
	speed: 0.1766s/iter; left time: 3374.5918s
	iters: 300, epoch: 4 | loss: 0.2743386
	speed: 0.1771s/iter; left time: 3367.9750s
	iters: 400, epoch: 4 | loss: 0.2955297
	speed: 0.1777s/iter; left time: 3361.7193s
	iters: 500, epoch: 4 | loss: 0.3135657
	speed: 0.1778s/iter; left time: 3345.1945s
	iters: 600, epoch: 4 | loss: 0.2835476
	speed: 0.1785s/iter; left time: 3339.6803s
	iters: 700, epoch: 4 | loss: 0.2986549
	speed: 0.1780s/iter; left time: 3313.6481s
	iters: 800, epoch: 4 | loss: 0.2947065
	speed: 0.1782s/iter; left time: 3298.6427s
	iters: 900, epoch: 4 | loss: 0.3073921
	speed: 0.1785s/iter; left time: 3286.6155s
	iters: 1000, epoch: 4 | loss: 0.2743392
	speed: 0.1784s/iter; left time: 3267.7272s
	iters: 1100, epoch: 4 | loss: 0.3202686
	speed: 0.1784s/iter; left time: 3249.5476s
Epoch: 4 cost time: 202.3854193687439
Epoch: 4, Steps: 1136 | Train Loss: 0.2995010 Vali Loss: 0.3303782 Test Loss: 0.2452424
EarlyStopping counter: 3 out of 5
Updating learning rate to 0.00023999999999999998
	iters: 100, epoch: 5 | loss: 0.2941215
	speed: 1.3713s/iter; left time: 24788.5045s
	iters: 200, epoch: 5 | loss: 0.2828142
	speed: 0.1759s/iter; left time: 3161.8159s
	iters: 300, epoch: 5 | loss: 0.3058437
	speed: 0.1764s/iter; left time: 3153.4120s
	iters: 400, epoch: 5 | loss: 0.2836785
	speed: 0.1772s/iter; left time: 3150.2497s
	iters: 500, epoch: 5 | loss: 0.2792236
	speed: 0.1773s/iter; left time: 3134.6174s
	iters: 600, epoch: 5 | loss: 0.2881061
	speed: 0.1770s/iter; left time: 3111.5994s
	iters: 700, epoch: 5 | loss: 0.2733425
	speed: 0.1775s/iter; left time: 3102.5598s
	iters: 800, epoch: 5 | loss: 0.2804394
	speed: 0.1779s/iter; left time: 3090.8294s
	iters: 900, epoch: 5 | loss: 0.2904873
	speed: 0.1773s/iter; left time: 3063.5344s
	iters: 1000, epoch: 5 | loss: 0.2722008
	speed: 0.1773s/iter; left time: 3045.3816s
	iters: 1100, epoch: 5 | loss: 0.2599638
	speed: 0.1770s/iter; left time: 3023.4344s
Epoch: 5 cost time: 201.64843010902405
Epoch: 5, Steps: 1136 | Train Loss: 0.2838470 Vali Loss: 0.3328080 Test Loss: 0.2473307
EarlyStopping counter: 4 out of 5
Updating learning rate to 0.00023999999999999998
	iters: 100, epoch: 6 | loss: 0.2861596
	speed: 1.3734s/iter; left time: 23266.0425s
	iters: 200, epoch: 6 | loss: 0.2839811
	speed: 0.1755s/iter; left time: 2954.8597s
	iters: 300, epoch: 6 | loss: 0.2728033
	speed: 0.1763s/iter; left time: 2951.9046s
	iters: 400, epoch: 6 | loss: 0.2732203
	speed: 0.1769s/iter; left time: 2943.6425s
	iters: 500, epoch: 6 | loss: 0.2737419
	speed: 0.1774s/iter; left time: 2934.2319s
	iters: 600, epoch: 6 | loss: 0.2658484
	speed: 0.1777s/iter; left time: 2920.9728s
	iters: 700, epoch: 6 | loss: 0.2768536
	speed: 0.1785s/iter; left time: 2916.3749s
	iters: 800, epoch: 6 | loss: 0.2636820
	speed: 0.1783s/iter; left time: 2895.3002s
	iters: 900, epoch: 6 | loss: 0.2779423
	speed: 0.1791s/iter; left time: 2891.5278s
	iters: 1000, epoch: 6 | loss: 0.2822914
	speed: 0.1780s/iter; left time: 2855.2986s
	iters: 1100, epoch: 6 | loss: 0.2890284
	speed: 0.1791s/iter; left time: 2854.2543s
Epoch: 6 cost time: 202.09146761894226
Epoch: 6, Steps: 1136 | Train Loss: 0.2755762 Vali Loss: 0.3380739 Test Loss: 0.2496905
EarlyStopping counter: 5 out of 5
Early stopping
>>>>>>>testing : long_term_forecast_custom_20260324_064213<<<<<<<<<<<<<<<<<<<<<<<<<<<<<<<<<
test 10348
mse:1848.359130859375, mae:12.191627502441406
  ✅ [Success] weather (pred=192) finished in 2092s.
  🔥 [Running] Training weather | Seq: 336 -> Pred: 336
Args in experiment:
Namespace(task_name='long_term_forecast', is_training=1, model_id='weather_336_336_TriFi_V3', model='Tri_FI', data='custom', root_path='/home/featurize/data/', data_path='weather.csv', features='M', target='OT', freq='h', checkpoints='./checkpoints/', seq_len=336, label_len=168, pred_len=336, tau=4, m_dim=3, k=5, enc_in=21, dec_in=21, c_out=21, d_model=512, n_heads=8, e_layers=2, d_layers=1, d_ff=1024, factor=1, distil=True, dropout=0.2, embed='timeF', activation='gelu', output_attention=False, num_workers=10, itr=1, train_epochs=20, batch_size=32, patience=5, learning_rate=0.0003, des='Exp_TriFi_Weather_V3', loss='MAE', lradj='type3', use_amp=False, use_gpu=True, gpu=0, use_multi_gpu=False, devices='0,1,2,3', p_hidden_dims=[128, 128], p_hidden_layers=2, anomaly_ratio=0.25, inverse=True)
✅ 超参数已自动保存至: ./test_results/long_term_forecast_custom_20260324_071705/args_config.json
Use GPU: cuda:0
>>>>>>>start training : long_term_forecast_custom_20260324_071705>>>>>>>>>>>>>>>>>>>>>>>>>>
train 36216
val 4935
test 10204
Traceback (most recent call last):
  File "/home/featurize/work/Tri-Fi/run.py", line 138, in <module>
    exp.train(setting)
  File "/home/featurize/work/Tri-Fi/exp/exp_long_term_forecasting.py", line 128, in train
    outputs = self.model(batch_x, batch_x_mark, dec_inp, batch_y_mark, x_chaos_graph=batch_x_chaos)
              ^^^^^^^^^^^^^^^^^^^^^^^^^^^^^^^^^^^^^^^^^^^^^^^^^^^^^^^^^^^^^^^^^^^^^^^^^^^^^^^^^^^^^
  File "/environment/miniconda3/lib/python3.11/site-packages/torch/nn/modules/module.py", line 1511, in _wrapped_call_impl
    return self._call_impl(*args, **kwargs)
           ^^^^^^^^^^^^^^^^^^^^^^^^^^^^^^^^
  File "/environment/miniconda3/lib/python3.11/site-packages/torch/nn/modules/module.py", line 1520, in _call_impl
    return forward_call(*args, **kwargs)
           ^^^^^^^^^^^^^^^^^^^^^^^^^^^^^
  File "/home/featurize/work/Tri-Fi/model/Tri_FI.py", line 117, in forward
    return self.forecast(x_enc, x_mark_enc, x_dec, x_mark_dec, x_chaos_graph)
           ^^^^^^^^^^^^^^^^^^^^^^^^^^^^^^^^^^^^^^^^^^^^^^^^^^^^^^^^^^^^^^^^^^
  File "/home/featurize/work/Tri-Fi/model/Tri_FI.py", line 98, in forecast
    chaos_out = self.psr_gnn_branch(x_chaos)[:, :, :N]
                ^^^^^^^^^^^^^^^^^^^^^^^^^^^^
  File "/environment/miniconda3/lib/python3.11/site-packages/torch/nn/modules/module.py", line 1511, in _wrapped_call_impl
    return self._call_impl(*args, **kwargs)
           ^^^^^^^^^^^^^^^^^^^^^^^^^^^^^^^^
  File "/environment/miniconda3/lib/python3.11/site-packages/torch/nn/modules/module.py", line 1520, in _call_impl
    return forward_call(*args, **kwargs)
           ^^^^^^^^^^^^^^^^^^^^^^^^^^^^^
  File "/home/featurize/work/Tri-Fi/layers/GNN_Branch.py", line 75, in forward
    edge_index = knn_graph(x_flat, k=self.k, batch=batch_idx, loop=False)
                 ^^^^^^^^^^^^^^^^^^^^^^^^^^^^^^^^^^^^^^^^^^^^^^^^^^^^^^^^
  File "/home/featurize/work/.local/lib/python3.11/site-packages/torch_geometric/nn/pool/__init__.py", line 173, in knn_graph
    return torch_cluster.knn_graph(x, k, batch, loop, flow, cosine,
           ^^^^^^^^^^^^^^^^^^^^^^^
  File "/home/featurize/work/.local/lib/python3.11/site-packages/torch_geometric/typing.py", line 144, in __getattr__
    raise ImportError(f"'{key}' requires 'torch-cluster'")
ImportError: 'knn_graph' requires 'torch-cluster'
  ❌ [FATAL ERROR] weather (pred=336) crashed! Check logs above.
